<?xml version="1.0" encoding="UTF-8"?>
<testsuite name="test2" tests="1" skipped="0" failures="0" errors="0" timestamp="2017-03-16T13:52:53" hostname="Kimberly-Perezs-MacBook-Pro.local" time="0.252">
  <properties/>
  <testcase name="takeOppositePebbles" classname="test2" time="0.252"/>
  <system-out><![CDATA[Pebbles in Ash's pit 0 is 4

]]></system-out>
  <system-err><![CDATA[]]></system-err>
</testsuite>
