<?xml version="1.0" encoding="UTF-8"?>
<testsuite name="test5" tests="1" skipped="0" failures="0" errors="0" timestamp="2017-03-19T06:10:28" hostname="Kimberly-Perezs-MacBook-Pro.local" time="0.209">
  <properties/>
  <testcase name="ThirdReDistributeCounterclockwise" classname="test5" time="0.209"/>
  <system-out><![CDATA[]]></system-out>
  <system-err><![CDATA[]]></system-err>
</testsuite>
