<?xml version="1.0" encoding="UTF-8"?>
<testsuite name="test1" tests="1" skipped="0" failures="0" errors="0" timestamp="2017-03-17T00:18:26" hostname="Kimberly-Perezs-MacBook-Pro.local" time="0.181">
  <properties/>
  <testcase name="FirstReDistributeCounterclockwise" classname="test1" time="0.181"/>
  <system-out><![CDATA[Parser Problem: 'v' : but '{' expected in test1.java  at line 46
"            assert(p2.getPitsIHave().get(5).getPebblesIn() == 5);"
            ^
Parser Problem: '?' : but '}' expected in test1.java  at line 58
"    }"
  ^
]]></system-out>
  <system-err><![CDATA[]]></system-err>
</testsuite>
