<?xml version="1.0" encoding="UTF-8"?>
<testsuite name="test1" tests="1" skipped="0" failures="0" errors="0" timestamp="2017-03-20T22:15:18" hostname="KimberlerezsMBP.byod.gmu.edu" time="0.179">
  <properties/>
  <testcase name="FirstReDistributeCounterclockwise" classname="test1" time="0.179"/>
  <system-out><![CDATA[Parser Problem: 'v' : but '{' expected in test1.java  at line 49
"            assert(p2.getPitsIHave().get(5).getPebblesIn() == 5);"
            ^
Parser Problem: '?' : but '}' expected in test1.java  at line 62
"    }"
  ^
]]></system-out>
  <system-err><![CDATA[]]></system-err>
</testsuite>
